<?xml version="1.0" encoding="UTF-8"?>
<!-- Generated by org.testng.reporters.JUnitReportReporter -->
<testsuite hostname="EN911327" failures="0" tests="6" name="UItest.Tests" time="58.452" errors="0" timestamp="2023-09-08T16:19:42 COT" skipped="0">
  <testcase classname="UItest.Tests" name="failLoginTest" time="8.621"/>
  <testcase classname="UItest.Tests" name="loginTest" time="7.426"/>
  <testcase classname="UItest.Tests" name="searchMovie" time="8.646"/>
  <testcase classname="UItest.Tests" name="validateActingTimeline" time="9.747"/>
  <testcase classname="UItest.Tests" name="sortTopMoviesAscendingTimeOrder" time="12.896"/>
  <testcase classname="UItest.Tests" name="movieGenreFilter" time="11.116"/>
</testsuite> <!-- UItest.Tests -->
